[11:15:46] [Server thread/INFO]: Starting minecraft server version 1.10.2
[11:15:46] [Server console handler/ERROR]: Exception handling console input
java.io.IOException: The handle is invalid
	at java.io.FileInputStream.readBytes(Native Method) ~[?:1.8.0_121]
	at java.io.FileInputStream.read(Unknown Source) ~[?:1.8.0_121]
	at java.io.BufferedInputStream.read1(Unknown Source) ~[?:1.8.0_121]
	at java.io.BufferedInputStream.read(Unknown Source) ~[?:1.8.0_121]
	at sun.nio.cs.StreamDecoder.readBytes(Unknown Source) ~[?:1.8.0_121]
	at sun.nio.cs.StreamDecoder.implRead(Unknown Source) ~[?:1.8.0_121]
	at sun.nio.cs.StreamDecoder.read(Unknown Source) ~[?:1.8.0_121]
	at java.io.InputStreamReader.read(Unknown Source) ~[?:1.8.0_121]
	at java.io.BufferedReader.fill(Unknown Source) ~[?:1.8.0_121]
	at java.io.BufferedReader.readLine(Unknown Source) ~[?:1.8.0_121]
	at java.io.BufferedReader.readLine(Unknown Source) ~[?:1.8.0_121]
	at net.minecraft.server.dedicated.DedicatedServer$2.run(DedicatedServer.java:101) [ld$2.class:?]
[11:17:38] [Server thread/INFO]: Loading properties
[11:17:38] [Server thread/INFO]: Default game type: SURVIVAL
[11:17:38] [Server thread/INFO]: Generating keypair
[11:17:38] [Server thread/INFO]: Starting Minecraft server on *:25565
[11:17:38] [Server thread/INFO]: Using default channel type
[11:18:07] [Server thread/INFO]: Preparing level "world"
[11:18:11] [Server thread/WARN]: Couldn't find resource table railcraft:chests/village_workshop
[11:18:13] [Server thread/INFO]: Preparing start region for level 0
[11:18:17] [Server thread/INFO]: Preparing spawn area: 0%
[11:18:19] [Server thread/INFO]: Preparing spawn area: 4%
[11:18:20] [Server thread/INFO]: Preparing spawn area: 32%
[11:18:22] [Server thread/INFO]: Preparing spawn area: 56%
[11:18:23] [Server thread/INFO]: Preparing spawn area: 87%
[11:18:24] [Server thread/INFO]: Done (16.749s)! For help, type "help" or "?"
[11:18:28] [Server thread/INFO]: FTBLib: Server reloaded in 33ms
[11:18:33] [Server thread/WARN]: Can't keep up! Did the system time change, or is the server overloaded? Running 3011ms behind, skipping 60 tick(s)
[11:18:50] [User Authenticator #1/INFO]: UUID of player freeman1223 is 573174d1-505c-4a5f-9d92-43ac1d2538d0
[11:18:53] [Server thread/INFO]: freeman1223[/127.0.0.1:58495] logged in with entity id 466 at (295.0648959952236, 63.0, 220.65031237922562)
[11:18:53] [Server thread/INFO]: freeman1223 joined the game
[11:18:56] [Server thread/WARN]: Can't keep up! Did the system time change, or is the server overloaded? Running 2780ms behind, skipping 55 tick(s)
[11:19:18] [Server thread/WARN]: Can't keep up! Did the system time change, or is the server overloaded? Running 3018ms behind, skipping 60 tick(s)
[11:20:03] [Server thread/WARN]: Can't keep up! Did the system time change, or is the server overloaded? Running 2212ms behind, skipping 44 tick(s)
[11:20:17] [Server thread/INFO]: [freeman1223: Set the time to 1000]
[11:20:20] [Server thread/INFO]: freeman1223 lost connection: TextComponent{text='Disconnected', siblings=[], style=Style{hasParent=false, color=null, bold=null, italic=null, underlined=null, obfuscated=null, clickEvent=null, hoverEvent=null, insertion=null}}
[11:20:20] [Server thread/INFO]: freeman1223 left the game
[11:20:24] [Server thread/INFO]: Stopping the server
[11:20:24] [Server thread/INFO]: Stopping server
[11:20:24] [Server thread/INFO]: Saving players
[11:20:24] [Server thread/INFO]: Saving worlds
[11:20:24] [Server thread/INFO]: Saving chunks for level 'world'/Overworld
[11:20:25] [Server thread/INFO]: Saving chunks for level 'world'/Nether
[11:20:25] [Server thread/INFO]: Saving chunks for level 'world'/The End
[11:20:25] [Server thread/INFO]: Saving chunks for level 'world'/ExtraUtils2_Quarry_Dim
[11:51:11] [Server thread/INFO]: Starting minecraft server version 1.10.2
[11:51:11] [Server console handler/ERROR]: Exception handling console input
java.io.IOException: The handle is invalid
	at java.io.FileInputStream.readBytes(Native Method) ~[?:1.8.0_111]
	at java.io.FileInputStream.read(Unknown Source) ~[?:1.8.0_111]
	at java.io.BufferedInputStream.read1(Unknown Source) ~[?:1.8.0_111]
	at java.io.BufferedInputStream.read(Unknown Source) ~[?:1.8.0_111]
	at sun.nio.cs.StreamDecoder.readBytes(Unknown Source) ~[?:1.8.0_111]
	at sun.nio.cs.StreamDecoder.implRead(Unknown Source) ~[?:1.8.0_111]
	at sun.nio.cs.StreamDecoder.read(Unknown Source) ~[?:1.8.0_111]
	at java.io.InputStreamReader.read(Unknown Source) ~[?:1.8.0_111]
	at java.io.BufferedReader.fill(Unknown Source) ~[?:1.8.0_111]
	at java.io.BufferedReader.readLine(Unknown Source) ~[?:1.8.0_111]
	at java.io.BufferedReader.readLine(Unknown Source) ~[?:1.8.0_111]
	at net.minecraft.server.dedicated.DedicatedServer$2.run(DedicatedServer.java:101) [ld$2.class:?]
