[13:10:54] [Server thread/INFO]: Starting minecraft server version 1.10.2
[13:10:54] [Server console handler/ERROR]: Exception handling console input
java.io.IOException: The handle is invalid
	at java.io.FileInputStream.readBytes(Native Method) ~[?:1.8.0_111]
	at java.io.FileInputStream.read(Unknown Source) ~[?:1.8.0_111]
	at java.io.BufferedInputStream.read1(Unknown Source) ~[?:1.8.0_111]
	at java.io.BufferedInputStream.read(Unknown Source) ~[?:1.8.0_111]
	at sun.nio.cs.StreamDecoder.readBytes(Unknown Source) ~[?:1.8.0_111]
	at sun.nio.cs.StreamDecoder.implRead(Unknown Source) ~[?:1.8.0_111]
	at sun.nio.cs.StreamDecoder.read(Unknown Source) ~[?:1.8.0_111]
	at java.io.InputStreamReader.read(Unknown Source) ~[?:1.8.0_111]
	at java.io.BufferedReader.fill(Unknown Source) ~[?:1.8.0_111]
	at java.io.BufferedReader.readLine(Unknown Source) ~[?:1.8.0_111]
	at java.io.BufferedReader.readLine(Unknown Source) ~[?:1.8.0_111]
	at net.minecraft.server.dedicated.DedicatedServer$2.run(DedicatedServer.java:101) [ld$2.class:?]
[13:12:57] [Server thread/INFO]: Loading properties
[13:12:57] [Server thread/INFO]: Default game type: SURVIVAL
[13:12:57] [Server thread/INFO]: Generating keypair
[13:12:57] [Server thread/INFO]: Starting Minecraft server on *:25565
[13:12:58] [Server thread/INFO]: Using default channel type
[13:13:41] [Server thread/INFO]: Preparing level "world"
[13:13:47] [Server thread/WARN]: Couldn't find resource table railcraft:chests/village_workshop
[13:13:48] [Server thread/INFO]: Preparing start region for level 0
[13:13:53] [Server thread/INFO]: Preparing spawn area: 0%
[13:13:55] [Server thread/INFO]: Preparing spawn area: 10%
[13:13:57] [Server thread/INFO]: Preparing spawn area: 37%
[13:13:58] [Server thread/INFO]: Preparing spawn area: 46%
[13:13:59] [Server thread/INFO]: Preparing spawn area: 53%
[13:14:01] [Server thread/INFO]: Preparing spawn area: 63%
[13:14:01] [Server thread/INFO]: Done (20.045s)! For help, type "help" or "?"
[13:14:11] [Server thread/INFO]: FTBLib: Server reloaded in 46ms
[13:14:17] [Server thread/WARN]: Can't keep up! Did the system time change, or is the server overloaded? Running 5116ms behind, skipping 102 tick(s)
[13:17:01] [User Authenticator #1/INFO]: UUID of player freeman1223 is 573174d1-505c-4a5f-9d92-43ac1d2538d0
[13:17:05] [Server thread/INFO]: freeman1223[/25.79.181.10:61226] logged in with entity id 418 at (311.97834513501624, 57.0, 219.14859361580156)
[13:17:05] [Server thread/INFO]: freeman1223 joined the game
[13:17:11] [Server thread/WARN]: Can't keep up! Did the system time change, or is the server overloaded? Running 6195ms behind, skipping 123 tick(s)
[13:17:20] [Server thread/INFO]: freeman1223 lost connection: TextComponent{text='Disconnected', siblings=[], style=Style{hasParent=false, color=null, bold=null, italic=null, underlined=null, obfuscated=null, clickEvent=null, hoverEvent=null, insertion=null}}
[13:17:20] [Server thread/INFO]: freeman1223 left the game
[13:18:15] [User Authenticator #2/INFO]: UUID of player Boaz_n_Hoes is 8c08abeb-5298-4469-a739-2134c05d038d
[13:18:17] [Server thread/INFO]: Boaz_n_Hoes[/25.78.62.28:65219] logged in with entity id 1146 at (160.03687019046788, 79.0, 193.93134778954698)
[13:18:17] [Server thread/INFO]: Boaz_n_Hoes joined the game
[13:19:36] [Server thread/WARN]: Can't keep up! Did the system time change, or is the server overloaded? Running 2370ms behind, skipping 47 tick(s)
[13:21:33] [User Authenticator #3/INFO]: UUID of player freeman1223 is 573174d1-505c-4a5f-9d92-43ac1d2538d0
[13:21:35] [Server thread/INFO]: freeman1223[/25.79.181.10:61314] logged in with entity id 4717 at (317.2146032970822, 57.0, 219.3276770395877)
[13:21:35] [Server thread/INFO]: freeman1223 joined the game
[13:23:22] [Server thread/WARN]: Can't keep up! Did the system time change, or is the server overloaded? Running 3220ms behind, skipping 64 tick(s)
[13:24:53] [Server thread/WARN]: Can't keep up! Did the system time change, or is the server overloaded? Running 2703ms behind, skipping 54 tick(s)
[13:26:57] [Server thread/INFO]: freeman1223 lost connection: TextComponent{text='Disconnected', siblings=[], style=Style{hasParent=false, color=null, bold=null, italic=null, underlined=null, obfuscated=null, clickEvent=null, hoverEvent=null, insertion=null}}
[13:26:57] [Server thread/INFO]: freeman1223 left the game
[13:26:59] [Server thread/WARN]: Can't keep up! Did the system time change, or is the server overloaded? Running 2141ms behind, skipping 42 tick(s)
[13:27:00] [User Authenticator #4/INFO]: UUID of player freeman1223 is 573174d1-505c-4a5f-9d92-43ac1d2538d0
[13:27:01] [Server thread/INFO]: freeman1223[/25.79.181.10:61359] logged in with entity id 15844 at (308.96218082017384, 57.0, 221.69999998807907)
[13:27:01] [Server thread/INFO]: freeman1223 joined the game
[13:27:53] [Server thread/WARN]: Can't keep up! Did the system time change, or is the server overloaded? Running 2428ms behind, skipping 48 tick(s)
[13:28:38] [Server thread/WARN]: Can't keep up! Did the system time change, or is the server overloaded? Running 2306ms behind, skipping 46 tick(s)
[13:29:24] [Server thread/WARN]: Can't keep up! Did the system time change, or is the server overloaded? Running 2630ms behind, skipping 52 tick(s)
[13:31:40] [Server thread/WARN]: Can't keep up! Did the system time change, or is the server overloaded? Running 3437ms behind, skipping 68 tick(s)
[13:33:12] [Server thread/WARN]: Can't keep up! Did the system time change, or is the server overloaded? Running 3022ms behind, skipping 60 tick(s)
[13:33:58] [Server thread/WARN]: Can't keep up! Did the system time change, or is the server overloaded? Running 3436ms behind, skipping 68 tick(s)
[13:34:44] [Server thread/WARN]: Can't keep up! Did the system time change, or is the server overloaded? Running 2966ms behind, skipping 59 tick(s)
[13:35:31] [Server thread/WARN]: Can't keep up! Did the system time change, or is the server overloaded? Running 3441ms behind, skipping 68 tick(s)
[13:37:01] [Server thread/WARN]: Can't keep up! Did the system time change, or is the server overloaded? Running 3024ms behind, skipping 60 tick(s)
[13:38:32] [Server thread/INFO]: freeman1223 lost connection: TextComponent{text='Disconnected', siblings=[], style=Style{hasParent=false, color=null, bold=null, italic=null, underlined=null, obfuscated=null, clickEvent=null, hoverEvent=null, insertion=null}}
[13:38:32] [Server thread/INFO]: freeman1223 left the game
[13:38:32] [Server thread/WARN]: Can't keep up! Did the system time change, or is the server overloaded? Running 2818ms behind, skipping 56 tick(s)
[13:38:46] [Server thread/INFO]: Boaz_n_Hoes lost connection: TextComponent{text='Disconnected', siblings=[], style=Style{hasParent=false, color=null, bold=null, italic=null, underlined=null, obfuscated=null, clickEvent=null, hoverEvent=null, insertion=null}}
[13:38:46] [Server thread/INFO]: Boaz_n_Hoes left the game
[13:39:29] [Server thread/INFO]: Stopping the server
[13:39:30] [Server thread/INFO]: Stopping server
[13:39:30] [Server thread/INFO]: Saving players
[13:39:30] [Server thread/INFO]: Saving worlds
[13:39:30] [Server thread/INFO]: Saving chunks for level 'world'/Overworld
[13:39:32] [Server thread/INFO]: Saving chunks for level 'world'/Nether
[13:39:32] [Server thread/INFO]: Saving chunks for level 'world'/The End
[13:39:32] [Server thread/INFO]: Saving chunks for level 'world'/ExtraUtils2_Quarry_Dim
[13:39:36] [Server Shutdown Thread/INFO]: Stopping server
